[2025-06-24 3:41:35.709][TOPIC][Auto_Print_X]:  ------------------------  
[2025-06-24 3:41:35.724][TOPIC][Auto_Print_X]: [Start] Starting Auto Print X...
[2025-06-24 3:41:35.726][TOPIC][Auto_Print_X]: [Start] Starting Web Server...
[2025-06-24 3:41:35.733][TOPIC][Auto_Print_X]: [Run] Http now accepting requests @port: 8000
[2025-06-24 10:05:42.280][INFO][Auto_Print_X]: Server Terminating
[2025-06-24 10:05:54.215][TOPIC][Auto_Print_X]:  ------------------------  
[2025-06-24 10:05:54.235][TOPIC][Auto_Print_X]: [Start] Starting Auto Print X...
[2025-06-24 10:05:54.236][TOPIC][Auto_Print_X]: [Start] Starting Web Server...
[2025-06-24 10:05:54.241][TOPIC][Auto_Print_X]: [Run] Http now accepting requests @port: 8000
[2025-06-24 10:13:06.468][INFO][Auto_Print_X]: Server Terminating
[2025-06-24 10:13:08.999][TOPIC][Auto_Print_X]:  ------------------------  
[2025-06-24 10:13:09.009][TOPIC][Auto_Print_X]: [Start] Starting Auto Print X...
[2025-06-24 10:13:09.011][TOPIC][Auto_Print_X]: [Start] Starting Web Server...
[2025-06-24 10:13:09.017][TOPIC][Auto_Print_X]: [Run] Http now accepting requests @port: 8000
[2025-06-24 10:16:30.779][INFO][Auto_Print_X]: Server Terminating
[2025-06-24 10:17:09.176][TOPIC][Auto_Print_X]:  ------------------------  
[2025-06-24 10:17:09.181][TOPIC][Auto_Print_X]: [Start] Starting Auto Print X...
[2025-06-24 10:17:09.183][TOPIC][Auto_Print_X]: [Start] Starting Web Server...
[2025-06-24 10:17:09.186][TOPIC][Auto_Print_X]: [Run] Http now accepting requests @port: 8000
[2025-06-24 10:17:49.255][INFO][Auto_Print_X]: Server Terminating
[2025-06-24 10:30:52.163][TOPIC][Auto_Print_X]:  ------------------------  
[2025-06-24 10:30:52.168][TOPIC][Auto_Print_X]: [Start] Starting Auto Print X...
[2025-06-24 10:30:52.169][TOPIC][Auto_Print_X]: [Start] Starting Web Server...
[2025-06-24 10:30:52.184][TOPIC][Auto_Print_X]: [Run] Http now accepting requests @port: 8000
[2025-06-24 10:33:11.374][INFO][Auto_Print_X]: Server Terminating
[2025-06-24 10:33:16.840][TOPIC][Auto_Print_X]:  ------------------------  
[2025-06-24 10:33:16.841][TOPIC][Auto_Print_X]: [Start] Starting Auto Print X...
[2025-06-24 10:33:16.842][TOPIC][Auto_Print_X]: [Start] Starting Web Server...
[2025-06-24 10:33:16.846][TOPIC][Auto_Print_X]: [Run] Http now accepting requests @port: 8000
[2025-06-24 10:41:49.847][INFO][Auto_Print_X]: Server Terminating
[2025-06-24 10:43:29.469][TOPIC][Auto_Print_X]:  ------------------------  
[2025-06-24 10:43:29.470][TOPIC][Auto_Print_X]: [Start] Starting Auto Print X...
[2025-06-24 10:43:29.471][TOPIC][Auto_Print_X]: [Start] Starting Web Server...
[2025-06-24 10:43:29.475][TOPIC][Auto_Print_X]: [Run] Http now accepting requests @port: 8000
[2025-06-24 10:57:26.220][TOPIC][Auto_Print_X]:  ------------------------  
[2025-06-24 10:57:26.222][TOPIC][Auto_Print_X]: [Start] Starting Auto Print X...
[2025-06-24 10:57:26.223][TOPIC][Auto_Print_X]: [Start] Starting Web Server...
[2025-06-24 10:57:26.230][TOPIC][Auto_Print_X]: [Run] Http now accepting requests @port: 8000
[2025-06-24 11:10:00.187][INFO][Auto_Print_X]: Server Terminating
[2025-06-24 11:10:03.192][TOPIC][Auto_Print_X]:  ------------------------  
[2025-06-24 11:10:03.193][TOPIC][Auto_Print_X]: [Start] Starting Auto Print X...
[2025-06-24 11:10:03.195][TOPIC][Auto_Print_X]: [Start] Starting Web Server...
[2025-06-24 11:10:03.198][TOPIC][Auto_Print_X]: [Run] Http now accepting requests @port: 8000
[2025-06-24 11:13:40.511][INFO][Auto_Print_X]: Server Terminating
[2025-06-24 11:13:45.293][TOPIC][Auto_Print_X]:  ------------------------  
[2025-06-24 11:13:45.294][TOPIC][Auto_Print_X]: [Start] Starting Auto Print X...
[2025-06-24 11:13:45.295][TOPIC][Auto_Print_X]: [Start] Starting Web Server...
[2025-06-24 11:13:45.297][TOPIC][Auto_Print_X]: [Run] Http now accepting requests @port: 8000
[2025-06-24 11:15:05.800][INFO][Auto_Print_X]: Server Terminating
[2025-06-24 11:15:10.302][TOPIC][Auto_Print_X]:  ------------------------  
[2025-06-24 11:15:10.303][TOPIC][Auto_Print_X]: [Start] Starting Auto Print X...
[2025-06-24 11:15:10.304][TOPIC][Auto_Print_X]: [Start] Starting Web Server...
[2025-06-24 11:15:10.307][TOPIC][Auto_Print_X]: [Run] Http now accepting requests @port: 8000
[2025-06-24 11:15:26.842][INFO][Auto_Print_X]: Server Terminating
[2025-06-24 11:15:31.184][TOPIC][Auto_Print_X]:  ------------------------  
[2025-06-24 11:15:31.185][TOPIC][Auto_Print_X]: [Start] Starting Auto Print X...
[2025-06-24 11:15:31.186][TOPIC][Auto_Print_X]: [Start] Starting Web Server...
[2025-06-24 11:15:31.188][TOPIC][Auto_Print_X]: [Run] Http now accepting requests @port: 8000
[2025-06-24 11:17:13.875][INFO][Auto_Print_X]: Server Terminating
[2025-06-24 11:17:18.771][TOPIC][Auto_Print_X]:  ------------------------  
[2025-06-24 11:17:18.772][TOPIC][Auto_Print_X]: [Start] Starting Auto Print X...
[2025-06-24 11:17:18.773][TOPIC][Auto_Print_X]: [Start] Starting Web Server...
[2025-06-24 11:17:18.776][TOPIC][Auto_Print_X]: [Run] Http now accepting requests @port: 8000
[2025-06-24 11:19:49.587][INFO][Auto_Print_X]: Server Terminating
[2025-06-24 11:26:18.424][TOPIC][Auto_Print_X]:  ------------------------  
[2025-06-24 11:26:18.427][TOPIC][Auto_Print_X]: [Start] Starting Auto Print X...
[2025-06-24 11:26:18.428][TOPIC][Auto_Print_X]: [Start] Starting Web Server...
[2025-06-24 11:26:18.431][TOPIC][Auto_Print_X]: [Run] Http now accepting requests @port: 8000
[2025-06-24 11:36:52.075][INFO][Auto_Print_X]: Server Terminating
